<?xml version="1.0" encoding="UTF-8"?>
<testng-results skipped="0" failed="0" ignored="0" total="1" passed="1">
  <reporter-output>
  </reporter-output>
  <suite name="Default suite" duration-ms="10065" started-at="2022-05-07T09:39:07 IST" finished-at="2022-05-07T09:39:17 IST">
    <groups>
      <group name="cucumber">
        <method signature="AbstractTestNGCucumberTests.feature(cucumber.api.testng.CucumberFeatureWrapper)[pri:0, instance:com.app.runner.ParaBankRegistrationTestRunner@77846d2c]" name="feature" class="cucumber.api.testng.AbstractTestNGCucumberTests"/>
      </group> <!-- cucumber -->
    </groups>
    <test name="Default test" duration-ms="10065" started-at="2022-05-07T09:39:07 IST" finished-at="2022-05-07T09:39:17 IST">
      <class name="com.app.runner.ParaBankRegistrationTestRunner">
        <test-method status="PASS" signature="setUpClass()[pri:0, instance:com.app.runner.ParaBankRegistrationTestRunner@77846d2c]" name="setUpClass" is-config="true" duration-ms="227" started-at="2022-05-07T09:39:07 IST" finished-at="2022-05-07T09:39:08 IST">
          <reporter-output>
          </reporter-output>
        </test-method> <!-- setUpClass -->
        <test-method status="PASS" signature="feature(cucumber.api.testng.CucumberFeatureWrapper)[pri:0, instance:com.app.runner.ParaBankRegistrationTestRunner@77846d2c]" name="feature" duration-ms="9453" started-at="2022-05-07T09:39:08 IST" description="Runs Cucumber Feature" data-provider="features" finished-at="2022-05-07T09:39:17 IST">
          <params>
            <param index="0">
              <value>
                <![CDATA[Registration Features]]>
              </value>
            </param>
          </params>
          <reporter-output>
          </reporter-output>
        </test-method> <!-- feature -->
        <test-method status="PASS" signature="tearDownClass()[pri:0, instance:com.app.runner.ParaBankRegistrationTestRunner@77846d2c]" name="tearDownClass" is-config="true" duration-ms="282" started-at="2022-05-07T09:39:17 IST" finished-at="2022-05-07T09:39:17 IST">
          <reporter-output>
          </reporter-output>
        </test-method> <!-- tearDownClass -->
      </class> <!-- com.app.runner.ParaBankRegistrationTestRunner -->
    </test> <!-- Default test -->
  </suite> <!-- Default suite -->
</testng-results>
